<?xml version="1.0" encoding="utf-8"?>
<Request xmlns="urn:oasis:names:tc:xacml:3.0:core:schema:wd-17"
      xmlns:xsi="http://www.w3.org/2001/XMLSchema-instance"
      xsi:schemaLocation="urn:oasis:names:tc:xacml:3.0:core:schema:wd-17 http://docs.oasis-open.org/xacml/3.0/xacml-core-v3-schema-wd-17.xsd"
      ReturnPolicyIdList="false"
      CombinedDecision="false">

	<Attributes Category="urn:oasis:names:tc:xacml:1.0:subject-category:access-subject">
		<Attribute IncludeInResult="false"
			AttributeId="urn:oasis:names:tc:xacml:1.0:subject:subject-id">
			<AttributeValue DataType="http://www.w3.org/2001/XMLSchema#string">011413131419102010Comcast.USR5JR</AttributeValue>
		</Attribute>
		<Attribute IncludeInResult="false"
			AttributeId="urn:comcast:names:1.0:subscriber:residential:cpni-secret-compliant">
				<AttributeValue DataType="http://www.w3.org/2001/XMLSchema#boolean">true</AttributeValue>
			</Attribute>
	</Attributes>
	<Attributes Category="urn:oasis:names:tc:xacml:3.0:attribute-category:resource">
		<Attribute IncludeInResult="false"
			AttributeId="urn:oasis:names:tc:xacml:1.0:resource:resource-id">
			<AttributeValue DataType="http://www.w3.org/2001/XMLSchema#string">smartzone</AttributeValue>
		</Attribute>
	</Attributes>
</Request>
